<?xml version="1.0" encoding="UTF-8"?>
<!-- Generated by org.testng.reporters.JUnitXMLReporter -->
<testsuite ignored="0" hostname="Prabhu" failures="0" tests="3" name="Default test" time="156.108" errors="0" timestamp="2023-10-11T18:41:50 IST">
  <testcase classname="com.runner.Runner" name="LoginPage" time="0.448"/>
  <testcase classname="com.runner.Runner" name="ChooseAOutStationOneWayCab" time="83.613"/>
  <testcase classname="com.runner.Runner" name="SelectACars" time="16.538"/>
</testsuite> <!-- Default test -->
