<?xml version="1.0" encoding="UTF-8"?>
<!-- Generated by org.testng.reporters.JUnitXMLReporter -->
<testsuite ignored="0" hostname="Prabhu" failures="0" tests="3" name="Test" time="44.611" errors="0" timestamp="2023-10-09T20:56:05 IST">
  <testcase classname="com.runner.Runner" name="LoginPage" time="2.302"/>
  <testcase classname="com.runner.Runner" name="BookAOutStationOneWayCab" time="25.086"/>
  <testcase classname="com.runner.Runner" name="SelectACars" time="0.131"/>
</testsuite> <!-- Test -->
