<?xml version="1.0" encoding="UTF-8"?>
<testng-results ignored="0" total="3" passed="3" failed="0" skipped="0">
  <reporter-output>
  </reporter-output>
  <suite started-at="2023-10-11T18:39:14 IST" name="Default suite" finished-at="2023-10-11T18:41:50 IST" duration-ms="156108">
    <groups>
    </groups>
    <test started-at="2023-10-11T18:39:14 IST" name="Default test" finished-at="2023-10-11T18:41:50 IST" duration-ms="156108">
      <class name="com.runner.Runner">
        <test-method is-config="true" signature="BrowserLaunch()[pri:0, instance:com.runner.Runner@792b749c]" started-at="2023-10-11T18:39:12 IST" name="BrowserLaunch" finished-at="2023-10-11T18:39:14 IST" duration-ms="1705" status="PASS">
          <reporter-output>
          </reporter-output>
        </test-method> <!-- BrowserLaunch -->
        <test-method is-config="true" signature="UrlLaunch()[pri:0, instance:com.runner.Runner@792b749c]" started-at="2023-10-11T18:39:14 IST" name="UrlLaunch" finished-at="2023-10-11T18:40:04 IST" duration-ms="49870" status="PASS">
          <reporter-output>
          </reporter-output>
        </test-method> <!-- UrlLaunch -->
        <test-method is-config="true" signature="DeleteAllCookies()[pri:0, instance:com.runner.Runner@792b749c]" started-at="2023-10-11T18:40:04 IST" name="DeleteAllCookies" finished-at="2023-10-11T18:40:05 IST" duration-ms="1073" status="PASS">
          <reporter-output>
          </reporter-output>
        </test-method> <!-- DeleteAllCookies -->
        <test-method is-config="true" signature="waitmethod()[pri:0, instance:com.runner.Runner@792b749c]" started-at="2023-10-11T18:40:05 IST" name="waitmethod" finished-at="2023-10-11T18:40:05 IST" duration-ms="20" status="PASS">
          <reporter-output>
          </reporter-output>
        </test-method> <!-- waitmethod -->
        <test-method signature="LoginPage()[pri:1, instance:com.runner.Runner@792b749c]" started-at="2023-10-11T18:40:05 IST" name="LoginPage" finished-at="2023-10-11T18:40:05 IST" duration-ms="448" status="PASS">
          <reporter-output>
          </reporter-output>
        </test-method> <!-- LoginPage -->
        <test-method is-config="true" signature="screenshot()[pri:0, instance:com.runner.Runner@792b749c]" started-at="2023-10-11T18:40:05 IST" name="screenshot" finished-at="2023-10-11T18:40:05 IST" duration-ms="202" status="PASS">
          <reporter-output>
          </reporter-output>
        </test-method> <!-- screenshot -->
        <test-method is-config="true" signature="waitmethod()[pri:0, instance:com.runner.Runner@792b749c]" started-at="2023-10-11T18:40:05 IST" name="waitmethod" finished-at="2023-10-11T18:40:05 IST" duration-ms="17" status="PASS">
          <reporter-output>
          </reporter-output>
        </test-method> <!-- waitmethod -->
        <test-method signature="ChooseAOutStationOneWayCab()[pri:2, instance:com.runner.Runner@792b749c]" started-at="2023-10-11T18:40:05 IST" name="ChooseAOutStationOneWayCab" finished-at="2023-10-11T18:41:29 IST" duration-ms="83613" status="PASS">
          <reporter-output>
          </reporter-output>
        </test-method> <!-- ChooseAOutStationOneWayCab -->
        <test-method is-config="true" signature="screenshot()[pri:0, instance:com.runner.Runner@792b749c]" started-at="2023-10-11T18:41:29 IST" name="screenshot" finished-at="2023-10-11T18:41:29 IST" duration-ms="224" status="PASS">
          <reporter-output>
          </reporter-output>
        </test-method> <!-- screenshot -->
        <test-method is-config="true" signature="waitmethod()[pri:0, instance:com.runner.Runner@792b749c]" started-at="2023-10-11T18:41:29 IST" name="waitmethod" finished-at="2023-10-11T18:41:29 IST" duration-ms="11" status="PASS">
          <reporter-output>
          </reporter-output>
        </test-method> <!-- waitmethod -->
        <test-method signature="SelectACars()[pri:3, instance:com.runner.Runner@792b749c]" started-at="2023-10-11T18:41:29 IST" name="SelectACars" finished-at="2023-10-11T18:41:46 IST" duration-ms="16538" status="PASS">
          <reporter-output>
          </reporter-output>
        </test-method> <!-- SelectACars -->
        <test-method is-config="true" signature="screenshot()[pri:0, instance:com.runner.Runner@792b749c]" started-at="2023-10-11T18:41:46 IST" name="screenshot" finished-at="2023-10-11T18:41:46 IST" duration-ms="181" status="PASS">
          <reporter-output>
          </reporter-output>
        </test-method> <!-- screenshot -->
        <test-method is-config="true" signature="AfterDeleteAllCookies()[pri:0, instance:com.runner.Runner@792b749c]" started-at="2023-10-11T18:41:46 IST" name="AfterDeleteAllCookies" finished-at="2023-10-11T18:41:50 IST" duration-ms="3813" status="PASS">
          <reporter-output>
          </reporter-output>
        </test-method> <!-- AfterDeleteAllCookies -->
        <test-method is-config="true" signature="browserclose()[pri:0, instance:com.runner.Runner@792b749c]" started-at="2023-10-11T18:41:50 IST" name="browserclose" finished-at="2023-10-11T18:41:51 IST" duration-ms="704" status="PASS">
          <reporter-output>
          </reporter-output>
        </test-method> <!-- browserclose -->
      </class> <!-- com.runner.Runner -->
    </test> <!-- Default test -->
  </suite> <!-- Default suite -->
</testng-results>
